[debug] [2020-06-08T00:39:13.641Z] ----------------------------------------------------------------------
[debug] [2020-06-08T00:39:13.643Z] Command:       /usr/local/Cellar/node/13.12.0/bin/node /usr/local/bin/firebase emulators:start --only firestore,functions
[debug] [2020-06-08T00:39:13.643Z] CLI Version:   8.4.2
[debug] [2020-06-08T00:39:13.643Z] Platform:      darwin
[debug] [2020-06-08T00:39:13.643Z] Node Version:  v13.12.0
[debug] [2020-06-08T00:39:13.644Z] Time:          Sun Jun 07 2020 20:39:13 GMT-0400 (Eastern Daylight Time)
[debug] [2020-06-08T00:39:13.644Z] ----------------------------------------------------------------------
[debug] [2020-06-08T00:39:13.644Z] 
[debug] [2020-06-08T00:39:13.653Z] > command requires scopes: ["email","openid","https://www.googleapis.com/auth/cloudplatformprojects.readonly","https://www.googleapis.com/auth/firebase","https://www.googleapis.com/auth/cloud-platform"]
[debug] [2020-06-08T00:39:13.654Z] > authorizing via signed-in user
[info] i  emulators: Starting emulators: functions, firestore {"metadata":{"emulator":{"name":"hub"},"message":"Starting emulators: functions, firestore"}}
[debug] [2020-06-08T00:39:13.683Z] [hub] writing locator at /var/folders/fz/bdrkbhqx7lz4ym4jlkxp7d_80000gn/T/hub-paradise-chefs-47fe0.json
[warn] ⚠  Your requested "node" version "8" doesn't match your global version "13" {"metadata":{"emulator":{"name":"functions"},"message":"Your requested \"node\" version \"8\" doesn't match your global version \"13\""}}
[debug] [2020-06-08T00:39:13.716Z] Ignoring unsupported arg: projectId {"metadata":{"emulator":{"name":"firestore"},"message":"Ignoring unsupported arg: projectId"}}
[debug] [2020-06-08T00:39:13.716Z] Ignoring unsupported arg: auto_download {"metadata":{"emulator":{"name":"firestore"},"message":"Ignoring unsupported arg: auto_download"}}
[debug] [2020-06-08T00:39:13.716Z] Starting Firestore Emulator with command {"binary":"java","args":["-Duser.language=en","-jar","/Users/oliverdsanchez/.cache/firebase/emulators/cloud-firestore-emulator-v1.11.4.jar","--host","localhost","--port",8080,"--rules","/Users/oliverdsanchez/Documents/Development/Angular Workspace/Paradise-Chefs/frontend/firestore.rules","--functions_emulator","localhost:5001"],"optionalArgs":["port","webchannel_port","host","rules","functions_emulator","seed_from_export"],"joinArgs":false} {"metadata":{"emulator":{"name":"firestore"},"message":"Starting Firestore Emulator with command {\"binary\":\"java\",\"args\":[\"-Duser.language=en\",\"-jar\",\"/Users/oliverdsanchez/.cache/firebase/emulators/cloud-firestore-emulator-v1.11.4.jar\",\"--host\",\"localhost\",\"--port\",8080,\"--rules\",\"/Users/oliverdsanchez/Documents/Development/Angular Workspace/Paradise-Chefs/frontend/firestore.rules\",\"--functions_emulator\",\"localhost:5001\"],\"optionalArgs\":[\"port\",\"webchannel_port\",\"host\",\"rules\",\"functions_emulator\",\"seed_from_export\"],\"joinArgs\":false}"}}
[info] i  firestore: Firestore Emulator logging to firestore-debug.log {"metadata":{"emulator":{"name":"firestore"},"message":"Firestore Emulator logging to \u001b[1mfirestore-debug.log\u001b[22m"}}
[debug] [2020-06-08T00:39:15.266Z] API endpoint: http:// {"metadata":{"emulator":{"name":"firestore"},"message":"API endpoint: http://"}}
[debug] [2020-06-08T00:39:15.267Z] localhost:8080
If you are using a library that supports the FIRESTORE_EMULATOR_HOST environment variable, run:

   export FIRESTORE_EMULATOR_HOST=localhost:8080

Dev App Server is now running.

 {"metadata":{"emulator":{"name":"firestore"},"message":"localhost:8080\nIf you are using a library that supports the FIRESTORE_EMULATOR_HOST environment variable, run:\n\n   export FIRESTORE_EMULATOR_HOST=localhost:8080\n\nDev App Server is now running.\n\n"}}
[debug] [2020-06-08T00:39:15.496Z] Ignoring unsupported arg: auto_download {"metadata":{"emulator":{"name":"ui"},"message":"Ignoring unsupported arg: auto_download"}}
[debug] [2020-06-08T00:39:15.497Z] Ignoring unsupported arg: port {"metadata":{"emulator":{"name":"ui"},"message":"Ignoring unsupported arg: port"}}
[debug] [2020-06-08T00:39:15.497Z] Starting Emulator UI with command {"binary":"node","args":["/Users/oliverdsanchez/.cache/firebase/emulators/ui-v1.0.0/server.bundle.js"],"optionalArgs":[],"joinArgs":false} {"metadata":{"emulator":{"name":"ui"},"message":"Starting Emulator UI with command {\"binary\":\"node\",\"args\":[\"/Users/oliverdsanchez/.cache/firebase/emulators/ui-v1.0.0/server.bundle.js\"],\"optionalArgs\":[],\"joinArgs\":false}"}}
[info] i  ui: Emulator UI logging to ui-debug.log {"metadata":{"emulator":{"name":"ui"},"message":"Emulator UI logging to \u001b[1mui-debug.log\u001b[22m"}}
[debug] [2020-06-08T00:39:15.593Z] Web / API server started at http://localhost:4000
 {"metadata":{"emulator":{"name":"ui"},"message":"Web / API server started at http://localhost:4000\n"}}
[info] i  functions: Watching "/Users/oliverdsanchez/Documents/Development/Angular Workspace/Paradise-Chefs/frontend/functions" for Cloud Functions... {"metadata":{"emulator":{"name":"functions"},"message":"Watching \"/Users/oliverdsanchez/Documents/Development/Angular Workspace/Paradise-Chefs/frontend/functions\" for Cloud Functions..."}}
[debug] [2020-06-08T00:39:15.765Z] [worker-pool] addWorker(~diagnostic~) {"metadata":{"emulator":{"name":"functions"},"message":"[worker-pool] addWorker(~diagnostic~)"}}
[debug] [2020-06-08T00:39:15.765Z] [worker-pool] Adding worker with key ~diagnostic~, total=1 {"metadata":{"emulator":{"name":"functions"},"message":"[worker-pool] Adding worker with key ~diagnostic~, total=1"}}
[debug] [2020-06-08T00:39:15.765Z] [worker-pool] submitWork(triggerId=) {"metadata":{"emulator":{"name":"functions"},"message":"[worker-pool] submitWork(triggerId=)"}}
[debug] [2020-06-08T00:39:15.765Z] [worker-~diagnostic~-13caa4dd-93ee-4071-86a9-49f0d851b3eb]: Assigning socketPath: /var/folders/fz/bdrkbhqx7lz4ym4jlkxp7d_80000gn/T/fire_emu_4584.sock {"metadata":{"emulator":{"name":"functions"},"message":"[worker-~diagnostic~-13caa4dd-93ee-4071-86a9-49f0d851b3eb]: Assigning socketPath: /var/folders/fz/bdrkbhqx7lz4ym4jlkxp7d_80000gn/T/fire_emu_4584.sock"}}
[debug] [2020-06-08T00:39:15.766Z] [worker-~diagnostic~-13caa4dd-93ee-4071-86a9-49f0d851b3eb]: BUSY {"metadata":{"emulator":{"name":"functions"},"message":"[worker-~diagnostic~-13caa4dd-93ee-4071-86a9-49f0d851b3eb]: BUSY"}}
[debug] [2020-06-08T00:39:16.032Z] [runtime-status] [4584] Functions runtime initialized. {"cwd":"/Users/oliverdsanchez/Documents/Development/Angular Workspace/Paradise-Chefs/frontend/functions","node_version":"13.12.0"} {"metadata":{"emulator":{"name":"functions"},"message":"[runtime-status] [4584] Functions runtime initialized. {\"cwd\":\"/Users/oliverdsanchez/Documents/Development/Angular Workspace/Paradise-Chefs/frontend/functions\",\"node_version\":\"13.12.0\"}"}}
[debug] [2020-06-08T00:39:16.032Z] [runtime-status] [4584] Disabled runtime features: undefined {"metadata":{"emulator":{"name":"functions"},"message":"[runtime-status] [4584] Disabled runtime features: undefined"}}
[debug] [2020-06-08T00:39:16.035Z] [runtime-status] [4584] Resolved module firebase-admin {"declared":true,"installed":true,"version":"8.9.2","resolution":"/Users/oliverdsanchez/Documents/Development/Angular Workspace/Paradise-Chefs/frontend/functions/node_modules/firebase-admin/lib/index.js"} {"metadata":{"emulator":{"name":"functions"},"message":"[runtime-status] [4584] Resolved module firebase-admin {\"declared\":true,\"installed\":true,\"version\":\"8.9.2\",\"resolution\":\"/Users/oliverdsanchez/Documents/Development/Angular Workspace/Paradise-Chefs/frontend/functions/node_modules/firebase-admin/lib/index.js\"}"}}
[debug] [2020-06-08T00:39:16.036Z] [runtime-status] [4584] Resolved module firebase-functions {"declared":true,"installed":true,"version":"3.3.0","resolution":"/Users/oliverdsanchez/Documents/Development/Angular Workspace/Paradise-Chefs/frontend/functions/node_modules/firebase-functions/lib/index.js"} {"metadata":{"emulator":{"name":"functions"},"message":"[runtime-status] [4584] Resolved module firebase-functions {\"declared\":true,\"installed\":true,\"version\":\"3.3.0\",\"resolution\":\"/Users/oliverdsanchez/Documents/Development/Angular Workspace/Paradise-Chefs/frontend/functions/node_modules/firebase-functions/lib/index.js\"}"}}
[debug] [2020-06-08T00:39:16.039Z] [runtime-status] [4584] Outgoing network have been stubbed. [{"name":"http","status":"mocked"},{"name":"http","status":"mocked"},{"name":"https","status":"mocked"},{"name":"https","status":"mocked"},{"name":"net","status":"mocked"}] {"metadata":{"emulator":{"name":"functions"},"message":"[runtime-status] [4584] Outgoing network have been stubbed. [{\"name\":\"http\",\"status\":\"mocked\"},{\"name\":\"http\",\"status\":\"mocked\"},{\"name\":\"https\",\"status\":\"mocked\"},{\"name\":\"https\",\"status\":\"mocked\"},{\"name\":\"net\",\"status\":\"mocked\"}]"}}
[debug] [2020-06-08T00:39:16.040Z] [runtime-status] [4584] Resolved module firebase-functions {"declared":true,"installed":true,"version":"3.3.0","resolution":"/Users/oliverdsanchez/Documents/Development/Angular Workspace/Paradise-Chefs/frontend/functions/node_modules/firebase-functions/lib/index.js"} {"metadata":{"emulator":{"name":"functions"},"message":"[runtime-status] [4584] Resolved module firebase-functions {\"declared\":true,\"installed\":true,\"version\":\"3.3.0\",\"resolution\":\"/Users/oliverdsanchez/Documents/Development/Angular Workspace/Paradise-Chefs/frontend/functions/node_modules/firebase-functions/lib/index.js\"}"}}
[debug] [2020-06-08T00:39:16.086Z] [runtime-status] [4584] Checked functions.config() {"config":{}} {"metadata":{"emulator":{"name":"functions"},"message":"[runtime-status] [4584] Checked functions.config() {\"config\":{}}"}}
[debug] [2020-06-08T00:39:16.086Z] [runtime-status] [4584] firebase-functions has been stubbed. {"functionsResolution":{"declared":true,"installed":true,"version":"3.3.0","resolution":"/Users/oliverdsanchez/Documents/Development/Angular Workspace/Paradise-Chefs/frontend/functions/node_modules/firebase-functions/lib/index.js"}} {"metadata":{"emulator":{"name":"functions"},"message":"[runtime-status] [4584] firebase-functions has been stubbed. {\"functionsResolution\":{\"declared\":true,\"installed\":true,\"version\":\"3.3.0\",\"resolution\":\"/Users/oliverdsanchez/Documents/Development/Angular Workspace/Paradise-Chefs/frontend/functions/node_modules/firebase-functions/lib/index.js\"}}"}}
[debug] [2020-06-08T00:39:16.087Z] [runtime-status] [4584] Resolved module firebase-functions {"declared":true,"installed":true,"version":"3.3.0","resolution":"/Users/oliverdsanchez/Documents/Development/Angular Workspace/Paradise-Chefs/frontend/functions/node_modules/firebase-functions/lib/index.js"} {"metadata":{"emulator":{"name":"functions"},"message":"[runtime-status] [4584] Resolved module firebase-functions {\"declared\":true,\"installed\":true,\"version\":\"3.3.0\",\"resolution\":\"/Users/oliverdsanchez/Documents/Development/Angular Workspace/Paradise-Chefs/frontend/functions/node_modules/firebase-functions/lib/index.js\"}"}}
[debug] [2020-06-08T00:39:16.088Z] [runtime-status] [4584] Resolved module firebase-admin {"declared":true,"installed":true,"version":"8.9.2","resolution":"/Users/oliverdsanchez/Documents/Development/Angular Workspace/Paradise-Chefs/frontend/functions/node_modules/firebase-admin/lib/index.js"} {"metadata":{"emulator":{"name":"functions"},"message":"[runtime-status] [4584] Resolved module firebase-admin {\"declared\":true,\"installed\":true,\"version\":\"8.9.2\",\"resolution\":\"/Users/oliverdsanchez/Documents/Development/Angular Workspace/Paradise-Chefs/frontend/functions/node_modules/firebase-admin/lib/index.js\"}"}}
[debug] [2020-06-08T00:39:16.088Z] [runtime-status] [4584] Resolved module firebase-functions {"declared":true,"installed":true,"version":"3.3.0","resolution":"/Users/oliverdsanchez/Documents/Development/Angular Workspace/Paradise-Chefs/frontend/functions/node_modules/firebase-functions/lib/index.js"} {"metadata":{"emulator":{"name":"functions"},"message":"[runtime-status] [4584] Resolved module firebase-functions {\"declared\":true,\"installed\":true,\"version\":\"3.3.0\",\"resolution\":\"/Users/oliverdsanchez/Documents/Development/Angular Workspace/Paradise-Chefs/frontend/functions/node_modules/firebase-functions/lib/index.js\"}"}}
[debug] [2020-06-08T00:39:16.088Z] [runtime-status] [4584] firebase-admin has been stubbed. {"adminResolution":{"declared":true,"installed":true,"version":"8.9.2","resolution":"/Users/oliverdsanchez/Documents/Development/Angular Workspace/Paradise-Chefs/frontend/functions/node_modules/firebase-admin/lib/index.js"}} {"metadata":{"emulator":{"name":"functions"},"message":"[runtime-status] [4584] firebase-admin has been stubbed. {\"adminResolution\":{\"declared\":true,\"installed\":true,\"version\":\"8.9.2\",\"resolution\":\"/Users/oliverdsanchez/Documents/Development/Angular Workspace/Paradise-Chefs/frontend/functions/node_modules/firebase-admin/lib/index.js\"}}"}}
[debug] [2020-06-08T00:39:16.213Z] [runtime-status] [4584] initializeApp(DEFAULT) {"databaseURL":"https://paradise-chefs-47fe0.firebaseio.com","storageBucket":"paradise-chefs-47fe0.appspot.com","projectId":"paradise-chefs-47fe0"} {"metadata":{"emulator":{"name":"functions"},"message":"[runtime-status] [4584] initializeApp(DEFAULT) {\"databaseURL\":\"https://paradise-chefs-47fe0.firebaseio.com\",\"storageBucket\":\"paradise-chefs-47fe0.appspot.com\",\"projectId\":\"paradise-chefs-47fe0\"}"}}
[info] ✔  functions[api]: http function initialized (http://localhost:5001/paradise-chefs-47fe0/us-central1/api). {"metadata":{"emulator":{"name":"functions"},"message":"\u001b[1mhttp\u001b[22m function initialized (http://localhost:5001/paradise-chefs-47fe0/us-central1/api)."}}
[info] 
┌───────────────────────────────────────────────────────────────────────┐
│ ✔  All emulators ready! View status and logs at http://localhost:4000 │
└───────────────────────────────────────────────────────────────────────┘

┌───────────┬────────────────┬─────────────────────────────────┐
│ Emulator  │ Host:Port      │ View in Emulator UI             │
├───────────┼────────────────┼─────────────────────────────────┤
│ Functions │ localhost:5001 │ http://localhost:4000/functions │
├───────────┼────────────────┼─────────────────────────────────┤
│ Firestore │ localhost:8080 │ http://localhost:4000/firestore │
└───────────┴────────────────┴─────────────────────────────────┘
  Other reserved ports: 4400, 4500

Issues? Report them at https://github.com/firebase/firebase-tools/issues and attach the *-debug.log files.
 
[debug] [2020-06-08T00:39:16.581Z] [worker-~diagnostic~-13caa4dd-93ee-4071-86a9-49f0d851b3eb]: IDLE {"metadata":{"emulator":{"name":"functions"},"message":"[worker-~diagnostic~-13caa4dd-93ee-4071-86a9-49f0d851b3eb]: IDLE"}}
[debug] [2020-06-08T01:53:19.230Z] Jun 07, 2020 9:53:19 PM io.gapi.emulators.netty.HttpVersionRoutingHandler channelRead
INFO: Detected non-HTTP/2 connection.
 {"metadata":{"emulator":{"name":"firestore"},"message":"Jun 07, 2020 9:53:19 PM io.gapi.emulators.netty.HttpVersionRoutingHandler channelRead\nINFO: Detected non-HTTP/2 connection.\n"}}
[debug] [2020-06-08T01:53:19.547Z] Jun 07, 2020 9:53:19 PM io.gapi.emulators.netty.HttpVersionRoutingHandler channelRead
INFO: Detected HTTP/2 connection.
 {"metadata":{"emulator":{"name":"firestore"},"message":"Jun 07, 2020 9:53:19 PM io.gapi.emulators.netty.HttpVersionRoutingHandler channelRead\nINFO: Detected HTTP/2 connection.\n"}}
[debug] [2020-06-08T19:35:35.748Z] ----------------------------------------------------------------------
[debug] [2020-06-08T19:35:35.750Z] Command:       /usr/local/Cellar/node/13.12.0/bin/node /usr/local/bin/firebase emulators:start --only functions
[debug] [2020-06-08T19:35:35.751Z] CLI Version:   8.4.2
[debug] [2020-06-08T19:35:35.751Z] Platform:      darwin
[debug] [2020-06-08T19:35:35.751Z] Node Version:  v13.12.0
[debug] [2020-06-08T19:35:35.752Z] Time:          Mon Jun 08 2020 15:35:35 GMT-0400 (Eastern Daylight Time)
[debug] [2020-06-08T19:35:35.752Z] ----------------------------------------------------------------------
[debug] [2020-06-08T19:35:35.753Z] 
[debug] [2020-06-08T19:35:35.764Z] > command requires scopes: ["email","openid","https://www.googleapis.com/auth/cloudplatformprojects.readonly","https://www.googleapis.com/auth/firebase","https://www.googleapis.com/auth/cloud-platform"]
[debug] [2020-06-08T19:35:35.764Z] > authorizing via signed-in user
[info] i  emulators: Starting emulators: functions {"metadata":{"emulator":{"name":"hub"},"message":"Starting emulators: functions"}}
[warn] ⚠  emulators: It seems that you are running multiple instances of the emulator suite for project paradise-chefs-47fe0. This may result in unexpected behavior. 
[debug] [2020-06-08T19:35:35.783Z] [hub] writing locator at /var/folders/fz/bdrkbhqx7lz4ym4jlkxp7d_80000gn/T/hub-paradise-chefs-47fe0.json
[warn] ⚠  Your requested "node" version "8" doesn't match your global version "13" {"metadata":{"emulator":{"name":"functions"},"message":"Your requested \"node\" version \"8\" doesn't match your global version \"13\""}}
[debug] [2020-06-08T19:35:36.077Z] Ignoring unsupported arg: auto_download {"metadata":{"emulator":{"name":"ui"},"message":"Ignoring unsupported arg: auto_download"}}
[debug] [2020-06-08T19:35:36.077Z] Ignoring unsupported arg: port {"metadata":{"emulator":{"name":"ui"},"message":"Ignoring unsupported arg: port"}}
[debug] [2020-06-08T19:35:36.078Z] Starting Emulator UI with command {"binary":"node","args":["/Users/oliverdsanchez/.cache/firebase/emulators/ui-v1.0.0/server.bundle.js"],"optionalArgs":[],"joinArgs":false} {"metadata":{"emulator":{"name":"ui"},"message":"Starting Emulator UI with command {\"binary\":\"node\",\"args\":[\"/Users/oliverdsanchez/.cache/firebase/emulators/ui-v1.0.0/server.bundle.js\"],\"optionalArgs\":[],\"joinArgs\":false}"}}
[info] i  ui: Emulator UI logging to ui-debug.log {"metadata":{"emulator":{"name":"ui"},"message":"Emulator UI logging to \u001b[1mui-debug.log\u001b[22m"}}
[debug] [2020-06-08T19:35:36.192Z] Web / API server started at http://localhost:4000
 {"metadata":{"emulator":{"name":"ui"},"message":"Web / API server started at http://localhost:4000\n"}}
[info] i  functions: Watching "/Users/oliverdsanchez/Documents/Development/Angular Workspace/Paradise-Chefs/frontend/functions" for Cloud Functions... {"metadata":{"emulator":{"name":"functions"},"message":"Watching \"/Users/oliverdsanchez/Documents/Development/Angular Workspace/Paradise-Chefs/frontend/functions\" for Cloud Functions..."}}
[debug] [2020-06-08T19:35:36.352Z] [worker-pool] addWorker(~diagnostic~) {"metadata":{"emulator":{"name":"functions"},"message":"[worker-pool] addWorker(~diagnostic~)"}}
[debug] [2020-06-08T19:35:36.353Z] [worker-pool] Adding worker with key ~diagnostic~, total=1 {"metadata":{"emulator":{"name":"functions"},"message":"[worker-pool] Adding worker with key ~diagnostic~, total=1"}}
[debug] [2020-06-08T19:35:36.353Z] [worker-pool] submitWork(triggerId=) {"metadata":{"emulator":{"name":"functions"},"message":"[worker-pool] submitWork(triggerId=)"}}
[debug] [2020-06-08T19:35:36.353Z] [worker-~diagnostic~-6894e825-1169-4cc1-bba3-22c1712dabb1]: Assigning socketPath: /var/folders/fz/bdrkbhqx7lz4ym4jlkxp7d_80000gn/T/fire_emu_7144.sock {"metadata":{"emulator":{"name":"functions"},"message":"[worker-~diagnostic~-6894e825-1169-4cc1-bba3-22c1712dabb1]: Assigning socketPath: /var/folders/fz/bdrkbhqx7lz4ym4jlkxp7d_80000gn/T/fire_emu_7144.sock"}}
[debug] [2020-06-08T19:35:36.354Z] [worker-~diagnostic~-6894e825-1169-4cc1-bba3-22c1712dabb1]: BUSY {"metadata":{"emulator":{"name":"functions"},"message":"[worker-~diagnostic~-6894e825-1169-4cc1-bba3-22c1712dabb1]: BUSY"}}
[debug] [2020-06-08T19:35:36.700Z] [runtime-status] [7144] Functions runtime initialized. {"cwd":"/Users/oliverdsanchez/Documents/Development/Angular Workspace/Paradise-Chefs/frontend/functions","node_version":"13.12.0"} {"metadata":{"emulator":{"name":"functions"},"message":"[runtime-status] [7144] Functions runtime initialized. {\"cwd\":\"/Users/oliverdsanchez/Documents/Development/Angular Workspace/Paradise-Chefs/frontend/functions\",\"node_version\":\"13.12.0\"}"}}
[debug] [2020-06-08T19:35:36.701Z] [runtime-status] [7144] Disabled runtime features: undefined {"metadata":{"emulator":{"name":"functions"},"message":"[runtime-status] [7144] Disabled runtime features: undefined"}}
[debug] [2020-06-08T19:35:36.705Z] [runtime-status] [7144] Resolved module firebase-admin {"declared":true,"installed":true,"version":"8.9.2","resolution":"/Users/oliverdsanchez/Documents/Development/Angular Workspace/Paradise-Chefs/frontend/functions/node_modules/firebase-admin/lib/index.js"} {"metadata":{"emulator":{"name":"functions"},"message":"[runtime-status] [7144] Resolved module firebase-admin {\"declared\":true,\"installed\":true,\"version\":\"8.9.2\",\"resolution\":\"/Users/oliverdsanchez/Documents/Development/Angular Workspace/Paradise-Chefs/frontend/functions/node_modules/firebase-admin/lib/index.js\"}"}}
[debug] [2020-06-08T19:35:36.719Z] [runtime-status] [7144] Resolved module firebase-functions {"declared":true,"installed":true,"version":"3.3.0","resolution":"/Users/oliverdsanchez/Documents/Development/Angular Workspace/Paradise-Chefs/frontend/functions/node_modules/firebase-functions/lib/index.js"} {"metadata":{"emulator":{"name":"functions"},"message":"[runtime-status] [7144] Resolved module firebase-functions {\"declared\":true,\"installed\":true,\"version\":\"3.3.0\",\"resolution\":\"/Users/oliverdsanchez/Documents/Development/Angular Workspace/Paradise-Chefs/frontend/functions/node_modules/firebase-functions/lib/index.js\"}"}}
[debug] [2020-06-08T19:35:36.725Z] [runtime-status] [7144] Outgoing network have been stubbed. [{"name":"http","status":"mocked"},{"name":"http","status":"mocked"},{"name":"https","status":"mocked"},{"name":"https","status":"mocked"},{"name":"net","status":"mocked"}] {"metadata":{"emulator":{"name":"functions"},"message":"[runtime-status] [7144] Outgoing network have been stubbed. [{\"name\":\"http\",\"status\":\"mocked\"},{\"name\":\"http\",\"status\":\"mocked\"},{\"name\":\"https\",\"status\":\"mocked\"},{\"name\":\"https\",\"status\":\"mocked\"},{\"name\":\"net\",\"status\":\"mocked\"}]"}}
[debug] [2020-06-08T19:35:36.726Z] [runtime-status] [7144] Resolved module firebase-functions {"declared":true,"installed":true,"version":"3.3.0","resolution":"/Users/oliverdsanchez/Documents/Development/Angular Workspace/Paradise-Chefs/frontend/functions/node_modules/firebase-functions/lib/index.js"} {"metadata":{"emulator":{"name":"functions"},"message":"[runtime-status] [7144] Resolved module firebase-functions {\"declared\":true,\"installed\":true,\"version\":\"3.3.0\",\"resolution\":\"/Users/oliverdsanchez/Documents/Development/Angular Workspace/Paradise-Chefs/frontend/functions/node_modules/firebase-functions/lib/index.js\"}"}}
[debug] [2020-06-08T19:35:36.808Z] [runtime-status] [7144] Checked functions.config() {"config":{}} {"metadata":{"emulator":{"name":"functions"},"message":"[runtime-status] [7144] Checked functions.config() {\"config\":{}}"}}
[debug] [2020-06-08T19:35:36.809Z] [runtime-status] [7144] firebase-functions has been stubbed. {"functionsResolution":{"declared":true,"installed":true,"version":"3.3.0","resolution":"/Users/oliverdsanchez/Documents/Development/Angular Workspace/Paradise-Chefs/frontend/functions/node_modules/firebase-functions/lib/index.js"}} {"metadata":{"emulator":{"name":"functions"},"message":"[runtime-status] [7144] firebase-functions has been stubbed. {\"functionsResolution\":{\"declared\":true,\"installed\":true,\"version\":\"3.3.0\",\"resolution\":\"/Users/oliverdsanchez/Documents/Development/Angular Workspace/Paradise-Chefs/frontend/functions/node_modules/firebase-functions/lib/index.js\"}}"}}
[debug] [2020-06-08T19:35:36.809Z] [runtime-status] [7144] Resolved module firebase-functions {"declared":true,"installed":true,"version":"3.3.0","resolution":"/Users/oliverdsanchez/Documents/Development/Angular Workspace/Paradise-Chefs/frontend/functions/node_modules/firebase-functions/lib/index.js"} {"metadata":{"emulator":{"name":"functions"},"message":"[runtime-status] [7144] Resolved module firebase-functions {\"declared\":true,\"installed\":true,\"version\":\"3.3.0\",\"resolution\":\"/Users/oliverdsanchez/Documents/Development/Angular Workspace/Paradise-Chefs/frontend/functions/node_modules/firebase-functions/lib/index.js\"}"}}
[debug] [2020-06-08T19:35:36.810Z] [runtime-status] [7144] Resolved module firebase-admin {"declared":true,"installed":true,"version":"8.9.2","resolution":"/Users/oliverdsanchez/Documents/Development/Angular Workspace/Paradise-Chefs/frontend/functions/node_modules/firebase-admin/lib/index.js"} {"metadata":{"emulator":{"name":"functions"},"message":"[runtime-status] [7144] Resolved module firebase-admin {\"declared\":true,\"installed\":true,\"version\":\"8.9.2\",\"resolution\":\"/Users/oliverdsanchez/Documents/Development/Angular Workspace/Paradise-Chefs/frontend/functions/node_modules/firebase-admin/lib/index.js\"}"}}
[debug] [2020-06-08T19:35:36.811Z] [runtime-status] [7144] Resolved module firebase-functions {"declared":true,"installed":true,"version":"3.3.0","resolution":"/Users/oliverdsanchez/Documents/Development/Angular Workspace/Paradise-Chefs/frontend/functions/node_modules/firebase-functions/lib/index.js"} {"metadata":{"emulator":{"name":"functions"},"message":"[runtime-status] [7144] Resolved module firebase-functions {\"declared\":true,\"installed\":true,\"version\":\"3.3.0\",\"resolution\":\"/Users/oliverdsanchez/Documents/Development/Angular Workspace/Paradise-Chefs/frontend/functions/node_modules/firebase-functions/lib/index.js\"}"}}
[debug] [2020-06-08T19:35:36.812Z] [runtime-status] [7144] firebase-admin has been stubbed. {"adminResolution":{"declared":true,"installed":true,"version":"8.9.2","resolution":"/Users/oliverdsanchez/Documents/Development/Angular Workspace/Paradise-Chefs/frontend/functions/node_modules/firebase-admin/lib/index.js"}} {"metadata":{"emulator":{"name":"functions"},"message":"[runtime-status] [7144] firebase-admin has been stubbed. {\"adminResolution\":{\"declared\":true,\"installed\":true,\"version\":\"8.9.2\",\"resolution\":\"/Users/oliverdsanchez/Documents/Development/Angular Workspace/Paradise-Chefs/frontend/functions/node_modules/firebase-admin/lib/index.js\"}}"}}
[debug] [2020-06-08T19:35:36.958Z] [runtime-status] [7144] initializeApp(DEFAULT) {"databaseURL":"https://paradise-chefs-47fe0.firebaseio.com","storageBucket":"paradise-chefs-47fe0.appspot.com","projectId":"paradise-chefs-47fe0"} {"metadata":{"emulator":{"name":"functions"},"message":"[runtime-status] [7144] initializeApp(DEFAULT) {\"databaseURL\":\"https://paradise-chefs-47fe0.firebaseio.com\",\"storageBucket\":\"paradise-chefs-47fe0.appspot.com\",\"projectId\":\"paradise-chefs-47fe0\"}"}}
[warn] ⚠  functions: The Cloud Firestore emulator is not running, so calls to Firestore will affect production. {"metadata":{"emulator":{"name":"functions"},"message":"The Cloud Firestore emulator is not running, so calls to Firestore will affect production."}}
[info] ✔  functions[api]: http function initialized (http://localhost:5001/paradise-chefs-47fe0/us-central1/api). {"metadata":{"emulator":{"name":"functions"},"message":"\u001b[1mhttp\u001b[22m function initialized (http://localhost:5001/paradise-chefs-47fe0/us-central1/api)."}}
[info] 
┌───────────────────────────────────────────────────────────────────────┐
│ ✔  All emulators ready! View status and logs at http://localhost:4000 │
└───────────────────────────────────────────────────────────────────────┘

┌───────────┬────────────────┬─────────────────────────────────┐
│ Emulator  │ Host:Port      │ View in Emulator UI             │
├───────────┼────────────────┼─────────────────────────────────┤
│ Functions │ localhost:5001 │ http://localhost:4000/functions │
└───────────┴────────────────┴─────────────────────────────────┘
  Other reserved ports: 4400, 4500

Issues? Report them at https://github.com/firebase/firebase-tools/issues and attach the *-debug.log files.
 
[debug] [2020-06-08T19:35:37.368Z] [worker-~diagnostic~-6894e825-1169-4cc1-bba3-22c1712dabb1]: IDLE {"metadata":{"emulator":{"name":"functions"},"message":"[worker-~diagnostic~-6894e825-1169-4cc1-bba3-22c1712dabb1]: IDLE"}}
